<?xml version="1.0" encoding="UTF-8"?>
<!-- Generated by org.testng.reporters.JUnitXMLReporter -->
<testsuite hostname="DESKTOP-1QP3V0R" ignored="2" name="Test" tests="2" failures="0" timestamp="12 Apr 2019 04:26:52 GMT" time="98.492" errors="0">
  <testcase name="TC101" time="71.377" classname="testScripts.Module1"/>
  <testcase name="TC201" time="24.367" classname="testScripts.Module2"/>
  <testcase name="@AfterSuite aftersuite" time="0.0" classname="frameworkLibrary.BaseClass">
    <ignored/>
  </testcase> <!-- @AfterSuite aftersuite -->
  <testcase name="@BeforeSuite beforesuite" time="0.0" classname="frameworkLibrary.BaseClass">
    <ignored/>
  </testcase> <!-- @BeforeSuite beforesuite -->
</testsuite> <!-- Test -->
